<?xml version="1.0" encoding="UTF-8"?>
<coverage generated="1762326679430" clover="3.2.0">
  <project timestamp="1762326679430" name="All files">
    <metrics statements="153" coveredstatements="116" conditionals="104" coveredconditionals="68" methods="19" coveredmethods="16" elements="276" coveredelements="200" complexity="0" loc="153" ncloc="153" packages="1" files="2" classes="2"/>
    <file name="fountain-generator.ts" path="/home/kenneth/Code/os/scripter/src/lib/fountain-generator.ts">
      <metrics statements="112" coveredstatements="109" conditionals="70" coveredconditionals="66" methods="15" coveredmethods="15"/>
      <line num="21" count="39" type="stmt"/>
      <line num="24" count="39" type="cond" truecount="2" falsecount="0"/>
      <line num="25" count="4" type="stmt"/>
      <line num="26" count="4" type="stmt"/>
      <line num="30" count="39" type="stmt"/>
      <line num="31" count="62" type="stmt"/>
      <line num="32" count="62" type="cond" truecount="2" falsecount="0"/>
      <line num="34" count="62" type="cond" truecount="1" falsecount="1"/>
      <line num="35" count="62" type="cond" truecount="2" falsecount="0"/>
      <line num="40" count="39" type="cond" truecount="2" falsecount="0"/>
      <line num="41" count="3" type="stmt"/>
      <line num="42" count="3" type="stmt"/>
      <line num="45" count="39" type="stmt"/>
      <line num="56" count="4" type="stmt"/>
      <line num="58" count="4" type="stmt"/>
      <line num="60" count="7" type="stmt"/>
      <line num="61" count="7" type="stmt"/>
      <line num="64" count="4" type="stmt"/>
      <line num="75" count="62" type="stmt"/>
      <line num="78" count="62" type="stmt"/>
      <line num="80" count="62" type="cond" truecount="10" falsecount="2"/>
      <line num="82" count="9" type="stmt"/>
      <line num="83" count="9" type="stmt"/>
      <line num="85" count="18" type="stmt"/>
      <line num="86" count="18" type="stmt"/>
      <line num="88" count="9" type="stmt"/>
      <line num="89" count="9" type="stmt"/>
      <line num="91" count="10" type="stmt"/>
      <line num="92" count="10" type="stmt"/>
      <line num="94" count="4" type="stmt"/>
      <line num="95" count="4" type="stmt"/>
      <line num="97" count="4" type="stmt"/>
      <line num="98" count="4" type="stmt"/>
      <line num="100" count="2" type="stmt"/>
      <line num="101" count="2" type="stmt"/>
      <line num="103" count="2" type="stmt"/>
      <line num="104" count="2" type="stmt"/>
      <line num="106" count="2" type="stmt"/>
      <line num="107" count="2" type="stmt"/>
      <line num="109" count="2" type="stmt"/>
      <line num="110" count="2" type="stmt"/>
      <line num="114" count="0" type="stmt"/>
      <line num="115" count="0" type="stmt"/>
      <line num="118" count="0" type="stmt"/>
      <line num="121" count="62" type="stmt"/>
      <line num="132" count="62" type="cond" truecount="2" falsecount="0"/>
      <line num="133" count="37" type="stmt"/>
      <line num="136" count="25" type="stmt"/>
      <line num="137" count="25" type="stmt"/>
      <line num="140" count="25" type="cond" truecount="2" falsecount="0"/>
      <line num="141" count="1" type="stmt"/>
      <line num="145" count="24" type="cond" truecount="2" falsecount="0"/>
      <line num="146" count="3" type="cond" truecount="4" falsecount="0"/>
      <line num="147" count="1" type="stmt"/>
      <line num="149" count="2" type="cond" truecount="1" falsecount="1"/>
      <line num="150" count="2" type="stmt"/>
      <line num="155" count="21" type="cond" truecount="4" falsecount="0"/>
      <line num="156" count="5" type="stmt"/>
      <line num="160" count="16" type="cond" truecount="2" falsecount="0"/>
      <line num="161" count="4" type="stmt"/>
      <line num="165" count="12" type="cond" truecount="4" falsecount="0"/>
      <line num="166" count="4" type="stmt"/>
      <line num="170" count="8" type="cond" truecount="2" falsecount="0"/>
      <line num="171" count="6" type="cond" truecount="2" falsecount="0"/>
      <line num="172" count="3" type="stmt"/>
      <line num="174" count="3" type="cond" truecount="2" falsecount="0"/>
      <line num="177" count="2" type="stmt"/>
      <line num="179" count="1" type="stmt"/>
      <line num="183" count="2" type="cond" truecount="2" falsecount="0"/>
      <line num="184" count="1" type="stmt"/>
      <line num="188" count="1" type="stmt"/>
      <line num="198" count="9" type="stmt"/>
      <line num="201" count="9" type="stmt"/>
      <line num="203" count="9" type="cond" truecount="2" falsecount="0"/>
      <line num="205" count="1" type="stmt"/>
      <line num="208" count="9" type="stmt"/>
      <line num="215" count="18" type="stmt"/>
      <line num="223" count="9" type="stmt"/>
      <line num="226" count="9" type="stmt"/>
      <line num="228" count="9" type="stmt"/>
      <line num="235" count="10" type="stmt"/>
      <line num="243" count="4" type="stmt"/>
      <line num="246" count="4" type="cond" truecount="2" falsecount="0"/>
      <line num="247" count="3" type="stmt"/>
      <line num="249" count="4" type="cond" truecount="2" falsecount="0"/>
      <line num="250" count="3" type="stmt"/>
      <line num="253" count="4" type="stmt"/>
      <line num="262" count="4" type="stmt"/>
      <line num="265" count="4" type="cond" truecount="2" falsecount="0"/>
      <line num="266" count="3" type="stmt"/>
      <line num="269" count="4" type="stmt"/>
      <line num="277" count="2" type="stmt"/>
      <line num="285" count="2" type="stmt"/>
      <line num="288" count="2" type="cond" truecount="2" falsecount="0"/>
      <line num="289" count="1" type="stmt"/>
      <line num="291" count="2" type="cond" truecount="2" falsecount="0"/>
      <line num="292" count="1" type="stmt"/>
      <line num="295" count="2" type="stmt"/>
      <line num="303" count="2" type="stmt"/>
      <line num="306" count="2" type="cond" truecount="2" falsecount="0"/>
      <line num="307" count="1" type="stmt"/>
      <line num="310" count="2" type="stmt"/>
      <line num="318" count="2" type="stmt"/>
      <line num="321" count="2" type="cond" truecount="2" falsecount="0"/>
      <line num="322" count="1" type="stmt"/>
      <line num="325" count="2" type="stmt"/>
      <line num="336" count="3" type="stmt"/>
      <line num="337" count="3" type="stmt"/>
      <line num="339" count="3" type="cond" truecount="2" falsecount="0"/>
      <line num="340" count="1" type="stmt"/>
      <line num="343" count="3" type="stmt"/>
      <line num="345" count="3" type="stmt"/>
    </file>
    <file name="pdf-reader.ts" path="/home/kenneth/Code/os/scripter/src/lib/pdf-reader.ts">
      <metrics statements="41" coveredstatements="7" conditionals="34" coveredconditionals="2" methods="4" coveredmethods="1"/>
      <line num="6" count="1" type="stmt"/>
      <line num="7" count="1" type="stmt"/>
      <line num="34" count="3" type="stmt"/>
      <line num="36" count="3" type="stmt"/>
      <line num="39" count="0" type="stmt"/>
      <line num="42" count="0" type="stmt"/>
      <line num="43" count="0" type="cond" truecount="0" falsecount="2"/>
      <line num="45" count="0" type="stmt"/>
      <line num="46" count="0" type="cond" truecount="0" falsecount="2"/>
      <line num="47" count="0" type="cond" truecount="0" falsecount="2"/>
      <line num="48" count="0" type="cond" truecount="0" falsecount="2"/>
      <line num="49" count="0" type="cond" truecount="0" falsecount="2"/>
      <line num="50" count="0" type="cond" truecount="0" falsecount="2"/>
      <line num="51" count="0" type="cond" truecount="0" falsecount="2"/>
      <line num="52" count="0" type="cond" truecount="0" falsecount="2"/>
      <line num="56" count="0" type="stmt"/>
      <line num="58" count="0" type="stmt"/>
      <line num="63" count="0" type="cond" truecount="0" falsecount="2"/>
      <line num="64" count="0" type="stmt"/>
      <line num="67" count="0" type="stmt"/>
      <line num="70" count="3" type="cond" truecount="1" falsecount="1"/>
      <line num="71" count="3" type="cond" truecount="1" falsecount="1"/>
      <line num="72" count="3" type="stmt"/>
      <line num="74" count="0" type="cond" truecount="0" falsecount="2"/>
      <line num="75" count="0" type="stmt"/>
      <line num="77" count="0" type="cond" truecount="0" falsecount="2"/>
      <line num="78" count="0" type="stmt"/>
      <line num="81" count="0" type="stmt"/>
      <line num="83" count="0" type="stmt"/>
      <line num="94" count="0" type="stmt"/>
      <line num="98" count="0" type="stmt"/>
      <line num="100" count="0" type="stmt"/>
      <line num="101" count="0" type="stmt"/>
      <line num="104" count="0" type="cond" truecount="0" falsecount="4"/>
      <line num="105" count="0" type="stmt"/>
      <line num="109" count="0" type="stmt"/>
      <line num="111" count="0" type="stmt"/>
      <line num="119" count="0" type="cond" truecount="0" falsecount="4"/>
      <line num="120" count="0" type="stmt"/>
      <line num="121" count="0" type="stmt"/>
      <line num="128" count="0" type="stmt"/>
    </file>
  </project>
</coverage>
