{"/home/kenneth/Code/os/scripter/src/lib/fountain-generator.ts": {"path":"/home/kenneth/Code/os/scripter/src/lib/fountain-generator.ts","statementMap":{"0":{"start":{"line":21,"column":15},"end":{"line":21,"column":null}},"1":{"start":{"line":24,"column":2},"end":{"line":27,"column":null}},"2":{"start":{"line":25,"column":4},"end":{"line":25,"column":null}},"3":{"start":{"line":26,"column":4},"end":{"line":26,"column":null}},"4":{"start":{"line":30,"column":2},"end":{"line":37,"column":null}},"5":{"start":{"line":30,"column":15},"end":{"line":30,"column":18}},"6":{"start":{"line":31,"column":20},"end":{"line":31,"column":null}},"7":{"start":{"line":32,"column":24},"end":{"line":32,"column":null}},"8":{"start":{"line":34,"column":4},"end":{"line":36,"column":null}},"9":{"start":{"line":35,"column":6},"end":{"line":35,"column":null}},"10":{"start":{"line":40,"column":2},"end":{"line":43,"column":null}},"11":{"start":{"line":41,"column":4},"end":{"line":41,"column":null}},"12":{"start":{"line":42,"column":4},"end":{"line":42,"column":null}},"13":{"start":{"line":45,"column":2},"end":{"line":45,"column":null}},"14":{"start":{"line":56,"column":15},"end":{"line":56,"column":null}},"15":{"start":{"line":58,"column":2},"end":{"line":62,"column":null}},"16":{"start":{"line":60,"column":25},"end":{"line":60,"column":null}},"17":{"start":{"line":61,"column":4},"end":{"line":61,"column":null}},"18":{"start":{"line":64,"column":2},"end":{"line":64,"column":null}},"19":{"start":{"line":75,"column":15},"end":{"line":75,"column":null}},"20":{"start":{"line":78,"column":2},"end":{"line":78,"column":null}},"21":{"start":{"line":80,"column":2},"end":{"line":119,"column":null}},"22":{"start":{"line":82,"column":6},"end":{"line":82,"column":null}},"23":{"start":{"line":83,"column":6},"end":{"line":83,"column":null}},"24":{"start":{"line":85,"column":6},"end":{"line":85,"column":null}},"25":{"start":{"line":86,"column":6},"end":{"line":86,"column":null}},"26":{"start":{"line":88,"column":6},"end":{"line":88,"column":null}},"27":{"start":{"line":89,"column":6},"end":{"line":89,"column":null}},"28":{"start":{"line":91,"column":6},"end":{"line":91,"column":null}},"29":{"start":{"line":92,"column":6},"end":{"line":92,"column":null}},"30":{"start":{"line":94,"column":6},"end":{"line":94,"column":null}},"31":{"start":{"line":95,"column":6},"end":{"line":95,"column":null}},"32":{"start":{"line":97,"column":6},"end":{"line":97,"column":null}},"33":{"start":{"line":98,"column":6},"end":{"line":98,"column":null}},"34":{"start":{"line":100,"column":6},"end":{"line":100,"column":null}},"35":{"start":{"line":101,"column":6},"end":{"line":101,"column":null}},"36":{"start":{"line":103,"column":6},"end":{"line":103,"column":null}},"37":{"start":{"line":104,"column":6},"end":{"line":104,"column":null}},"38":{"start":{"line":106,"column":6},"end":{"line":106,"column":null}},"39":{"start":{"line":107,"column":6},"end":{"line":107,"column":null}},"40":{"start":{"line":109,"column":6},"end":{"line":109,"column":null}},"41":{"start":{"line":110,"column":6},"end":{"line":110,"column":null}},"42":{"start":{"line":114,"column":6},"end":{"line":114,"column":null}},"43":{"start":{"line":115,"column":6},"end":{"line":115,"column":null}},"44":{"start":{"line":118,"column":6},"end":{"line":118,"column":null}},"45":{"start":{"line":121,"column":2},"end":{"line":121,"column":null}},"46":{"start":{"line":132,"column":2},"end":{"line":134,"column":null}},"47":{"start":{"line":133,"column":4},"end":{"line":133,"column":null}},"48":{"start":{"line":136,"column":19},"end":{"line":136,"column":null}},"49":{"start":{"line":137,"column":19},"end":{"line":137,"column":null}},"50":{"start":{"line":140,"column":2},"end":{"line":142,"column":null}},"51":{"start":{"line":141,"column":4},"end":{"line":141,"column":null}},"52":{"start":{"line":145,"column":2},"end":{"line":152,"column":null}},"53":{"start":{"line":146,"column":4},"end":{"line":148,"column":null}},"54":{"start":{"line":147,"column":6},"end":{"line":147,"column":null}},"55":{"start":{"line":149,"column":4},"end":{"line":151,"column":null}},"56":{"start":{"line":150,"column":6},"end":{"line":150,"column":null}},"57":{"start":{"line":155,"column":2},"end":{"line":157,"column":null}},"58":{"start":{"line":156,"column":4},"end":{"line":156,"column":null}},"59":{"start":{"line":160,"column":2},"end":{"line":162,"column":null}},"60":{"start":{"line":161,"column":4},"end":{"line":161,"column":null}},"61":{"start":{"line":165,"column":2},"end":{"line":167,"column":null}},"62":{"start":{"line":166,"column":4},"end":{"line":166,"column":null}},"63":{"start":{"line":170,"column":2},"end":{"line":180,"column":null}},"64":{"start":{"line":171,"column":4},"end":{"line":173,"column":null}},"65":{"start":{"line":172,"column":6},"end":{"line":172,"column":null}},"66":{"start":{"line":174,"column":4},"end":{"line":178,"column":null}},"67":{"start":{"line":177,"column":6},"end":{"line":177,"column":null}},"68":{"start":{"line":179,"column":4},"end":{"line":179,"column":null}},"69":{"start":{"line":183,"column":2},"end":{"line":185,"column":null}},"70":{"start":{"line":184,"column":4},"end":{"line":184,"column":null}},"71":{"start":{"line":188,"column":2},"end":{"line":188,"column":null}},"72":{"start":{"line":198,"column":13},"end":{"line":198,"column":null}},"73":{"start":{"line":201,"column":20},"end":{"line":201,"column":null}},"74":{"start":{"line":203,"column":2},"end":{"line":206,"column":null}},"75":{"start":{"line":205,"column":4},"end":{"line":205,"column":null}},"76":{"start":{"line":208,"column":2},"end":{"line":208,"column":null}},"77":{"start":{"line":215,"column":2},"end":{"line":215,"column":null}},"78":{"start":{"line":223,"column":13},"end":{"line":223,"column":null}},"79":{"start":{"line":226,"column":2},"end":{"line":226,"column":null}},"80":{"start":{"line":228,"column":2},"end":{"line":228,"column":null}},"81":{"start":{"line":235,"column":2},"end":{"line":235,"column":null}},"82":{"start":{"line":243,"column":13},"end":{"line":243,"column":null}},"83":{"start":{"line":246,"column":2},"end":{"line":248,"column":null}},"84":{"start":{"line":247,"column":4},"end":{"line":247,"column":null}},"85":{"start":{"line":249,"column":2},"end":{"line":251,"column":null}},"86":{"start":{"line":250,"column":4},"end":{"line":250,"column":null}},"87":{"start":{"line":253,"column":2},"end":{"line":253,"column":null}},"88":{"start":{"line":262,"column":13},"end":{"line":262,"column":null}},"89":{"start":{"line":265,"column":2},"end":{"line":267,"column":null}},"90":{"start":{"line":266,"column":4},"end":{"line":266,"column":null}},"91":{"start":{"line":269,"column":2},"end":{"line":269,"column":null}},"92":{"start":{"line":277,"column":2},"end":{"line":277,"column":null}},"93":{"start":{"line":285,"column":13},"end":{"line":285,"column":null}},"94":{"start":{"line":288,"column":2},"end":{"line":290,"column":null}},"95":{"start":{"line":289,"column":4},"end":{"line":289,"column":null}},"96":{"start":{"line":291,"column":2},"end":{"line":293,"column":null}},"97":{"start":{"line":292,"column":4},"end":{"line":292,"column":null}},"98":{"start":{"line":295,"column":2},"end":{"line":295,"column":null}},"99":{"start":{"line":303,"column":13},"end":{"line":303,"column":null}},"100":{"start":{"line":306,"column":2},"end":{"line":308,"column":null}},"101":{"start":{"line":307,"column":4},"end":{"line":307,"column":null}},"102":{"start":{"line":310,"column":2},"end":{"line":310,"column":null}},"103":{"start":{"line":318,"column":13},"end":{"line":318,"column":null}},"104":{"start":{"line":321,"column":2},"end":{"line":323,"column":null}},"105":{"start":{"line":322,"column":4},"end":{"line":322,"column":null}},"106":{"start":{"line":325,"column":2},"end":{"line":325,"column":null}},"107":{"start":{"line":336,"column":13},"end":{"line":336,"column":null}},"108":{"start":{"line":337,"column":2},"end":{"line":337,"column":null}},"109":{"start":{"line":339,"column":2},"end":{"line":341,"column":null}},"110":{"start":{"line":340,"column":4},"end":{"line":340,"column":null}},"111":{"start":{"line":343,"column":2},"end":{"line":343,"column":null}},"112":{"start":{"line":345,"column":2},"end":{"line":345,"column":null}}},"fnMap":{"0":{"name":"generateFountain","decl":{"start":{"line":20,"column":16},"end":{"line":20,"column":33}},"loc":{"start":{"line":20,"column":69},"end":{"line":46,"column":null}},"line":20},"1":{"name":"formatTitlePage","decl":{"start":{"line":55,"column":9},"end":{"line":55,"column":25}},"loc":{"start":{"line":55,"column":68},"end":{"line":65,"column":null}},"line":55},"2":{"name":"formatElement","decl":{"start":{"line":74,"column":9},"end":{"line":74,"column":23}},"loc":{"start":{"line":74,"column":94},"end":{"line":122,"column":null}},"line":74},"3":{"name":"getSpacingBefore","decl":{"start":{"line":131,"column":9},"end":{"line":131,"column":26}},"loc":{"start":{"line":131,"column":97},"end":{"line":189,"column":null}},"line":131},"4":{"name":"formatSceneHeading","decl":{"start":{"line":195,"column":9},"end":{"line":195,"column":28}},"loc":{"start":{"line":195,"column":62},"end":{"line":209,"column":null}},"line":195},"5":{"name":"formatAction","decl":{"start":{"line":214,"column":9},"end":{"line":214,"column":22}},"loc":{"start":{"line":214,"column":56},"end":{"line":216,"column":null}},"line":214},"6":{"name":"formatCharacter","decl":{"start":{"line":222,"column":9},"end":{"line":222,"column":25}},"loc":{"start":{"line":222,"column":59},"end":{"line":229,"column":null}},"line":222},"7":{"name":"formatDialogue","decl":{"start":{"line":234,"column":9},"end":{"line":234,"column":24}},"loc":{"start":{"line":234,"column":58},"end":{"line":236,"column":null}},"line":234},"8":{"name":"formatParenthetical","decl":{"start":{"line":242,"column":9},"end":{"line":242,"column":29}},"loc":{"start":{"line":242,"column":63},"end":{"line":254,"column":null}},"line":242},"9":{"name":"formatTransition","decl":{"start":{"line":261,"column":9},"end":{"line":261,"column":26}},"loc":{"start":{"line":261,"column":60},"end":{"line":270,"column":null}},"line":261},"10":{"name":"formatPageBreak","decl":{"start":{"line":276,"column":9},"end":{"line":276,"column":35}},"loc":{"start":{"line":276,"column":35},"end":{"line":278,"column":null}},"line":276},"11":{"name":"formatNote","decl":{"start":{"line":284,"column":9},"end":{"line":284,"column":20}},"loc":{"start":{"line":284,"column":54},"end":{"line":296,"column":null}},"line":284},"12":{"name":"formatSection","decl":{"start":{"line":302,"column":9},"end":{"line":302,"column":23}},"loc":{"start":{"line":302,"column":57},"end":{"line":311,"column":null}},"line":302},"13":{"name":"formatSynopsis","decl":{"start":{"line":317,"column":9},"end":{"line":317,"column":24}},"loc":{"start":{"line":317,"column":58},"end":{"line":326,"column":null}},"line":317},"14":{"name":"formatMetadata","decl":{"start":{"line":331,"column":9},"end":{"line":331,"column":24}},"loc":{"start":{"line":335,"column":11},"end":{"line":346,"column":null}},"line":335}},"branchMap":{"0":{"loc":{"start":{"line":24,"column":2},"end":{"line":27,"column":null}},"type":"if","locations":[{"start":{"line":24,"column":2},"end":{"line":27,"column":null}},{"start":{},"end":{}}],"line":24},"1":{"loc":{"start":{"line":32,"column":24},"end":{"line":32,"column":null}},"type":"cond-expr","locations":[{"start":{"line":32,"column":32},"end":{"line":32,"column":59}},{"start":{"line":32,"column":59},"end":{"line":32,"column":null}}],"line":32},"2":{"loc":{"start":{"line":34,"column":4},"end":{"line":36,"column":null}},"type":"if","locations":[{"start":{"line":34,"column":4},"end":{"line":36,"column":null}},{"start":{},"end":{}}],"line":34},"3":{"loc":{"start":{"line":35,"column":39},"end":{"line":35,"column":58}},"type":"binary-expr","locations":[{"start":{"line":35,"column":39},"end":{"line":35,"column":54}},{"start":{"line":35,"column":54},"end":{"line":35,"column":58}}],"line":35},"4":{"loc":{"start":{"line":40,"column":2},"end":{"line":43,"column":null}},"type":"if","locations":[{"start":{"line":40,"column":2},"end":{"line":43,"column":null}},{"start":{},"end":{}}],"line":40},"5":{"loc":{"start":{"line":80,"column":2},"end":{"line":119,"column":null}},"type":"switch","locations":[{"start":{"line":81,"column":4},"end":{"line":83,"column":null}},{"start":{"line":84,"column":4},"end":{"line":86,"column":null}},{"start":{"line":87,"column":4},"end":{"line":89,"column":null}},{"start":{"line":90,"column":4},"end":{"line":92,"column":null}},{"start":{"line":93,"column":4},"end":{"line":95,"column":null}},{"start":{"line":96,"column":4},"end":{"line":98,"column":null}},{"start":{"line":99,"column":4},"end":{"line":101,"column":null}},{"start":{"line":102,"column":4},"end":{"line":104,"column":null}},{"start":{"line":105,"column":4},"end":{"line":107,"column":null}},{"start":{"line":108,"column":4},"end":{"line":110,"column":null}},{"start":{"line":111,"column":4},"end":{"line":115,"column":null}},{"start":{"line":116,"column":4},"end":{"line":118,"column":null}}],"line":80},"6":{"loc":{"start":{"line":132,"column":2},"end":{"line":134,"column":null}},"type":"if","locations":[{"start":{"line":132,"column":2},"end":{"line":134,"column":null}},{"start":{},"end":{}}],"line":132},"7":{"loc":{"start":{"line":140,"column":2},"end":{"line":142,"column":null}},"type":"if","locations":[{"start":{"line":140,"column":2},"end":{"line":142,"column":null}},{"start":{},"end":{}}],"line":140},"8":{"loc":{"start":{"line":145,"column":2},"end":{"line":152,"column":null}},"type":"if","locations":[{"start":{"line":145,"column":2},"end":{"line":152,"column":null}},{"start":{},"end":{}}],"line":145},"9":{"loc":{"start":{"line":146,"column":4},"end":{"line":148,"column":null}},"type":"if","locations":[{"start":{"line":146,"column":4},"end":{"line":148,"column":null}},{"start":{},"end":{}}],"line":146},"10":{"loc":{"start":{"line":146,"column":8},"end":{"line":146,"column":65}},"type":"binary-expr","locations":[{"start":{"line":146,"column":8},"end":{"line":146,"column":35}},{"start":{"line":146,"column":35},"end":{"line":146,"column":65}}],"line":146},"11":{"loc":{"start":{"line":149,"column":4},"end":{"line":151,"column":null}},"type":"if","locations":[{"start":{"line":149,"column":4},"end":{"line":151,"column":null}},{"start":{},"end":{}}],"line":149},"12":{"loc":{"start":{"line":155,"column":2},"end":{"line":157,"column":null}},"type":"if","locations":[{"start":{"line":155,"column":2},"end":{"line":157,"column":null}},{"start":{},"end":{}}],"line":155},"13":{"loc":{"start":{"line":155,"column":6},"end":{"line":155,"column":55}},"type":"binary-expr","locations":[{"start":{"line":155,"column":6},"end":{"line":155,"column":29}},{"start":{"line":155,"column":29},"end":{"line":155,"column":55}}],"line":155},"14":{"loc":{"start":{"line":160,"column":2},"end":{"line":162,"column":null}},"type":"if","locations":[{"start":{"line":160,"column":2},"end":{"line":162,"column":null}},{"start":{},"end":{}}],"line":160},"15":{"loc":{"start":{"line":165,"column":2},"end":{"line":167,"column":null}},"type":"if","locations":[{"start":{"line":165,"column":2},"end":{"line":167,"column":null}},{"start":{},"end":{}}],"line":165},"16":{"loc":{"start":{"line":165,"column":6},"end":{"line":165,"column":59}},"type":"binary-expr","locations":[{"start":{"line":165,"column":6},"end":{"line":165,"column":29}},{"start":{"line":165,"column":29},"end":{"line":165,"column":59}}],"line":165},"17":{"loc":{"start":{"line":170,"column":2},"end":{"line":180,"column":null}},"type":"if","locations":[{"start":{"line":170,"column":2},"end":{"line":180,"column":null}},{"start":{},"end":{}}],"line":170},"18":{"loc":{"start":{"line":171,"column":4},"end":{"line":173,"column":null}},"type":"if","locations":[{"start":{"line":171,"column":4},"end":{"line":173,"column":null}},{"start":{},"end":{}}],"line":171},"19":{"loc":{"start":{"line":174,"column":4},"end":{"line":178,"column":null}},"type":"if","locations":[{"start":{"line":174,"column":4},"end":{"line":178,"column":null}},{"start":{},"end":{}}],"line":174},"20":{"loc":{"start":{"line":183,"column":2},"end":{"line":185,"column":null}},"type":"if","locations":[{"start":{"line":183,"column":2},"end":{"line":185,"column":null}},{"start":{},"end":{}}],"line":183},"21":{"loc":{"start":{"line":203,"column":2},"end":{"line":206,"column":null}},"type":"if","locations":[{"start":{"line":203,"column":2},"end":{"line":206,"column":null}},{"start":{},"end":{}}],"line":203},"22":{"loc":{"start":{"line":246,"column":2},"end":{"line":248,"column":null}},"type":"if","locations":[{"start":{"line":246,"column":2},"end":{"line":248,"column":null}},{"start":{},"end":{}}],"line":246},"23":{"loc":{"start":{"line":249,"column":2},"end":{"line":251,"column":null}},"type":"if","locations":[{"start":{"line":249,"column":2},"end":{"line":251,"column":null}},{"start":{},"end":{}}],"line":249},"24":{"loc":{"start":{"line":265,"column":2},"end":{"line":267,"column":null}},"type":"if","locations":[{"start":{"line":265,"column":2},"end":{"line":267,"column":null}},{"start":{},"end":{}}],"line":265},"25":{"loc":{"start":{"line":288,"column":2},"end":{"line":290,"column":null}},"type":"if","locations":[{"start":{"line":288,"column":2},"end":{"line":290,"column":null}},{"start":{},"end":{}}],"line":288},"26":{"loc":{"start":{"line":291,"column":2},"end":{"line":293,"column":null}},"type":"if","locations":[{"start":{"line":291,"column":2},"end":{"line":293,"column":null}},{"start":{},"end":{}}],"line":291},"27":{"loc":{"start":{"line":306,"column":2},"end":{"line":308,"column":null}},"type":"if","locations":[{"start":{"line":306,"column":2},"end":{"line":308,"column":null}},{"start":{},"end":{}}],"line":306},"28":{"loc":{"start":{"line":321,"column":2},"end":{"line":323,"column":null}},"type":"if","locations":[{"start":{"line":321,"column":2},"end":{"line":323,"column":null}},{"start":{},"end":{}}],"line":321},"29":{"loc":{"start":{"line":339,"column":2},"end":{"line":341,"column":null}},"type":"if","locations":[{"start":{"line":339,"column":2},"end":{"line":341,"column":null}},{"start":{},"end":{}}],"line":339}},"s":{"0":39,"1":39,"2":4,"3":4,"4":39,"5":39,"6":62,"7":62,"8":62,"9":62,"10":39,"11":3,"12":3,"13":39,"14":4,"15":4,"16":7,"17":7,"18":4,"19":62,"20":62,"21":62,"22":9,"23":9,"24":18,"25":18,"26":9,"27":9,"28":10,"29":10,"30":4,"31":4,"32":4,"33":4,"34":2,"35":2,"36":2,"37":2,"38":2,"39":2,"40":2,"41":2,"42":0,"43":0,"44":0,"45":62,"46":62,"47":37,"48":25,"49":25,"50":25,"51":1,"52":24,"53":3,"54":1,"55":2,"56":2,"57":21,"58":5,"59":16,"60":4,"61":12,"62":4,"63":8,"64":6,"65":3,"66":3,"67":2,"68":1,"69":2,"70":1,"71":1,"72":9,"73":9,"74":9,"75":1,"76":9,"77":18,"78":9,"79":9,"80":9,"81":10,"82":4,"83":4,"84":3,"85":4,"86":3,"87":4,"88":4,"89":4,"90":3,"91":4,"92":2,"93":2,"94":2,"95":1,"96":2,"97":1,"98":2,"99":2,"100":2,"101":1,"102":2,"103":2,"104":2,"105":1,"106":2,"107":3,"108":3,"109":3,"110":1,"111":3,"112":3},"f":{"0":39,"1":4,"2":62,"3":62,"4":9,"5":18,"6":9,"7":10,"8":4,"9":4,"10":2,"11":2,"12":2,"13":2,"14":3},"b":{"0":[4,35],"1":[25,37],"2":[62,0],"3":[62,37],"4":[3,36],"5":[9,18,9,10,4,4,2,2,2,2,0,0],"6":[37,25],"7":[1,24],"8":[3,21],"9":[1,2],"10":[3,2],"11":[2,0],"12":[5,16],"13":[21,9],"14":[4,12],"15":[4,8],"16":[12,4],"17":[6,2],"18":[3,3],"19":[2,1],"20":[1,1],"21":[1,8],"22":[3,1],"23":[3,1],"24":[3,1],"25":[1,1],"26":[1,1],"27":[1,1],"28":[1,1],"29":[1,2]},"meta":{"lastBranch":30,"lastFunction":15,"lastStatement":113,"seen":{"f:20:16:20:33":0,"s:21:15:21:Infinity":0,"b:24:2:27:Infinity:undefined:undefined:undefined:undefined":0,"s:24:2:27:Infinity":1,"s:25:4:25:Infinity":2,"s:26:4:26:Infinity":3,"s:30:2:37:Infinity":4,"s:30:15:30:18":5,"s:31:20:31:Infinity":6,"s:32:24:32:Infinity":7,"b:32:32:32:59:32:59:32:Infinity":1,"b:34:4:36:Infinity:undefined:undefined:undefined:undefined":2,"s:34:4:36:Infinity":8,"s:35:6:35:Infinity":9,"b:35:39:35:54:35:54:35:58":3,"b:40:2:43:Infinity:undefined:undefined:undefined:undefined":4,"s:40:2:43:Infinity":10,"s:41:4:41:Infinity":11,"s:42:4:42:Infinity":12,"s:45:2:45:Infinity":13,"f:55:9:55:25":1,"s:56:15:56:Infinity":14,"s:58:2:62:Infinity":15,"s:60:25:60:Infinity":16,"s:61:4:61:Infinity":17,"s:64:2:64:Infinity":18,"f:74:9:74:23":2,"s:75:15:75:Infinity":19,"s:78:2:78:Infinity":20,"b:81:4:83:Infinity:84:4:86:Infinity:87:4:89:Infinity:90:4:92:Infinity:93:4:95:Infinity:96:4:98:Infinity:99:4:101:Infinity:102:4:104:Infinity:105:4:107:Infinity:108:4:110:Infinity:111:4:115:Infinity:116:4:118:Infinity":5,"s:80:2:119:Infinity":21,"s:82:6:82:Infinity":22,"s:83:6:83:Infinity":23,"s:85:6:85:Infinity":24,"s:86:6:86:Infinity":25,"s:88:6:88:Infinity":26,"s:89:6:89:Infinity":27,"s:91:6:91:Infinity":28,"s:92:6:92:Infinity":29,"s:94:6:94:Infinity":30,"s:95:6:95:Infinity":31,"s:97:6:97:Infinity":32,"s:98:6:98:Infinity":33,"s:100:6:100:Infinity":34,"s:101:6:101:Infinity":35,"s:103:6:103:Infinity":36,"s:104:6:104:Infinity":37,"s:106:6:106:Infinity":38,"s:107:6:107:Infinity":39,"s:109:6:109:Infinity":40,"s:110:6:110:Infinity":41,"s:114:6:114:Infinity":42,"s:115:6:115:Infinity":43,"s:118:6:118:Infinity":44,"s:121:2:121:Infinity":45,"f:131:9:131:26":3,"b:132:2:134:Infinity:undefined:undefined:undefined:undefined":6,"s:132:2:134:Infinity":46,"s:133:4:133:Infinity":47,"s:136:19:136:Infinity":48,"s:137:19:137:Infinity":49,"b:140:2:142:Infinity:undefined:undefined:undefined:undefined":7,"s:140:2:142:Infinity":50,"s:141:4:141:Infinity":51,"b:145:2:152:Infinity:undefined:undefined:undefined:undefined":8,"s:145:2:152:Infinity":52,"b:146:4:148:Infinity:undefined:undefined:undefined:undefined":9,"s:146:4:148:Infinity":53,"b:146:8:146:35:146:35:146:65":10,"s:147:6:147:Infinity":54,"b:149:4:151:Infinity:undefined:undefined:undefined:undefined":11,"s:149:4:151:Infinity":55,"s:150:6:150:Infinity":56,"b:155:2:157:Infinity:undefined:undefined:undefined:undefined":12,"s:155:2:157:Infinity":57,"b:155:6:155:29:155:29:155:55":13,"s:156:4:156:Infinity":58,"b:160:2:162:Infinity:undefined:undefined:undefined:undefined":14,"s:160:2:162:Infinity":59,"s:161:4:161:Infinity":60,"b:165:2:167:Infinity:undefined:undefined:undefined:undefined":15,"s:165:2:167:Infinity":61,"b:165:6:165:29:165:29:165:59":16,"s:166:4:166:Infinity":62,"b:170:2:180:Infinity:undefined:undefined:undefined:undefined":17,"s:170:2:180:Infinity":63,"b:171:4:173:Infinity:undefined:undefined:undefined:undefined":18,"s:171:4:173:Infinity":64,"s:172:6:172:Infinity":65,"b:174:4:178:Infinity:undefined:undefined:undefined:undefined":19,"s:174:4:178:Infinity":66,"s:177:6:177:Infinity":67,"s:179:4:179:Infinity":68,"b:183:2:185:Infinity:undefined:undefined:undefined:undefined":20,"s:183:2:185:Infinity":69,"s:184:4:184:Infinity":70,"s:188:2:188:Infinity":71,"f:195:9:195:28":4,"s:198:13:198:Infinity":72,"s:201:20:201:Infinity":73,"b:203:2:206:Infinity:undefined:undefined:undefined:undefined":21,"s:203:2:206:Infinity":74,"s:205:4:205:Infinity":75,"s:208:2:208:Infinity":76,"f:214:9:214:22":5,"s:215:2:215:Infinity":77,"f:222:9:222:25":6,"s:223:13:223:Infinity":78,"s:226:2:226:Infinity":79,"s:228:2:228:Infinity":80,"f:234:9:234:24":7,"s:235:2:235:Infinity":81,"f:242:9:242:29":8,"s:243:13:243:Infinity":82,"b:246:2:248:Infinity:undefined:undefined:undefined:undefined":22,"s:246:2:248:Infinity":83,"s:247:4:247:Infinity":84,"b:249:2:251:Infinity:undefined:undefined:undefined:undefined":23,"s:249:2:251:Infinity":85,"s:250:4:250:Infinity":86,"s:253:2:253:Infinity":87,"f:261:9:261:26":9,"s:262:13:262:Infinity":88,"b:265:2:267:Infinity:undefined:undefined:undefined:undefined":24,"s:265:2:267:Infinity":89,"s:266:4:266:Infinity":90,"s:269:2:269:Infinity":91,"f:276:9:276:35":10,"s:277:2:277:Infinity":92,"f:284:9:284:20":11,"s:285:13:285:Infinity":93,"b:288:2:290:Infinity:undefined:undefined:undefined:undefined":25,"s:288:2:290:Infinity":94,"s:289:4:289:Infinity":95,"b:291:2:293:Infinity:undefined:undefined:undefined:undefined":26,"s:291:2:293:Infinity":96,"s:292:4:292:Infinity":97,"s:295:2:295:Infinity":98,"f:302:9:302:23":12,"s:303:13:303:Infinity":99,"b:306:2:308:Infinity:undefined:undefined:undefined:undefined":27,"s:306:2:308:Infinity":100,"s:307:4:307:Infinity":101,"s:310:2:310:Infinity":102,"f:317:9:317:24":13,"s:318:13:318:Infinity":103,"b:321:2:323:Infinity:undefined:undefined:undefined:undefined":28,"s:321:2:323:Infinity":104,"s:322:4:322:Infinity":105,"s:325:2:325:Infinity":106,"f:331:9:331:24":14,"s:336:13:336:Infinity":107,"s:337:2:337:Infinity":108,"b:339:2:341:Infinity:undefined:undefined:undefined:undefined":29,"s:339:2:341:Infinity":109,"s:340:4:340:Infinity":110,"s:343:2:343:Infinity":111,"s:345:2:345:Infinity":112}}}
,"/home/kenneth/Code/os/scripter/src/lib/pdf-reader.ts": {"path":"/home/kenneth/Code/os/scripter/src/lib/pdf-reader.ts","statementMap":{"0":{"start":{"line":6,"column":6},"end":{"line":6,"column":null}},"1":{"start":{"line":7,"column":17},"end":{"line":7,"column":null}},"2":{"start":{"line":34,"column":2},"end":{"line":84,"column":null}},"3":{"start":{"line":36,"column":23},"end":{"line":36,"column":null}},"4":{"start":{"line":39,"column":20},"end":{"line":39,"column":null}},"5":{"start":{"line":42,"column":46},"end":{"line":42,"column":null}},"6":{"start":{"line":43,"column":4},"end":{"line":53,"column":null}},"7":{"start":{"line":45,"column":19},"end":{"line":45,"column":null}},"8":{"start":{"line":46,"column":6},"end":{"line":46,"column":null}},"9":{"start":{"line":46,"column":22},"end":{"line":46,"column":null}},"10":{"start":{"line":47,"column":6},"end":{"line":47,"column":null}},"11":{"start":{"line":47,"column":23},"end":{"line":47,"column":null}},"12":{"start":{"line":48,"column":6},"end":{"line":48,"column":null}},"13":{"start":{"line":48,"column":24},"end":{"line":48,"column":null}},"14":{"start":{"line":49,"column":6},"end":{"line":49,"column":null}},"15":{"start":{"line":49,"column":24},"end":{"line":49,"column":null}},"16":{"start":{"line":50,"column":6},"end":{"line":50,"column":null}},"17":{"start":{"line":50,"column":25},"end":{"line":50,"column":null}},"18":{"start":{"line":51,"column":6},"end":{"line":51,"column":null}},"19":{"start":{"line":51,"column":29},"end":{"line":51,"column":null}},"20":{"start":{"line":52,"column":6},"end":{"line":52,"column":null}},"21":{"start":{"line":52,"column":24},"end":{"line":52,"column":null}},"22":{"start":{"line":56,"column":18},"end":{"line":56,"column":null}},"23":{"start":{"line":58,"column":31},"end":{"line":61,"column":null}},"24":{"start":{"line":63,"column":4},"end":{"line":65,"column":null}},"25":{"start":{"line":64,"column":6},"end":{"line":64,"column":null}},"26":{"start":{"line":67,"column":4},"end":{"line":67,"column":null}},"27":{"start":{"line":70,"column":4},"end":{"line":82,"column":null}},"28":{"start":{"line":71,"column":6},"end":{"line":73,"column":null}},"29":{"start":{"line":72,"column":8},"end":{"line":72,"column":null}},"30":{"start":{"line":74,"column":6},"end":{"line":76,"column":null}},"31":{"start":{"line":75,"column":8},"end":{"line":75,"column":null}},"32":{"start":{"line":77,"column":6},"end":{"line":79,"column":null}},"33":{"start":{"line":78,"column":8},"end":{"line":78,"column":null}},"34":{"start":{"line":81,"column":6},"end":{"line":81,"column":null}},"35":{"start":{"line":83,"column":4},"end":{"line":83,"column":null}},"36":{"start":{"line":94,"column":27},"end":{"line":94,"column":null}},"37":{"start":{"line":98,"column":20},"end":{"line":98,"column":null}},"38":{"start":{"line":100,"column":2},"end":{"line":116,"column":null}},"39":{"start":{"line":100,"column":15},"end":{"line":100,"column":18}},"40":{"start":{"line":101,"column":21},"end":{"line":101,"column":null}},"41":{"start":{"line":104,"column":4},"end":{"line":106,"column":null}},"42":{"start":{"line":105,"column":6},"end":{"line":105,"column":null}},"43":{"start":{"line":109,"column":18},"end":{"line":109,"column":null}},"44":{"start":{"line":109,"column":61},"end":{"line":109,"column":75}},"45":{"start":{"line":111,"column":4},"end":{"line":115,"column":null}},"46":{"start":{"line":119,"column":2},"end":{"line":126,"column":null}},"47":{"start":{"line":120,"column":18},"end":{"line":120,"column":null}},"48":{"start":{"line":120,"column":65},"end":{"line":120,"column":79}},"49":{"start":{"line":121,"column":4},"end":{"line":125,"column":null}},"50":{"start":{"line":128,"column":2},"end":{"line":128,"column":null}}},"fnMap":{"0":{"name":"readPDF","decl":{"start":{"line":33,"column":22},"end":{"line":33,"column":30}},"loc":{"start":{"line":33,"column":69},"end":{"line":85,"column":null}},"line":33},"1":{"name":"parsePages","decl":{"start":{"line":93,"column":15},"end":{"line":93,"column":26}},"loc":{"start":{"line":93,"column":73},"end":{"line":129,"column":null}},"line":93},"2":{"name":"(anonymous_2)","decl":{"start":{"line":109,"column":43},"end":{"line":109,"column":44}},"loc":{"start":{"line":109,"column":61},"end":{"line":109,"column":75}},"line":109},"3":{"name":"(anonymous_3)","decl":{"start":{"line":120,"column":47},"end":{"line":120,"column":48}},"loc":{"start":{"line":120,"column":65},"end":{"line":120,"column":79}},"line":120}},"branchMap":{"0":{"loc":{"start":{"line":43,"column":4},"end":{"line":53,"column":null}},"type":"if","locations":[{"start":{"line":43,"column":4},"end":{"line":53,"column":null}},{"start":{},"end":{}}],"line":43},"1":{"loc":{"start":{"line":46,"column":6},"end":{"line":46,"column":null}},"type":"if","locations":[{"start":{"line":46,"column":6},"end":{"line":46,"column":null}},{"start":{},"end":{}}],"line":46},"2":{"loc":{"start":{"line":47,"column":6},"end":{"line":47,"column":null}},"type":"if","locations":[{"start":{"line":47,"column":6},"end":{"line":47,"column":null}},{"start":{},"end":{}}],"line":47},"3":{"loc":{"start":{"line":48,"column":6},"end":{"line":48,"column":null}},"type":"if","locations":[{"start":{"line":48,"column":6},"end":{"line":48,"column":null}},{"start":{},"end":{}}],"line":48},"4":{"loc":{"start":{"line":49,"column":6},"end":{"line":49,"column":null}},"type":"if","locations":[{"start":{"line":49,"column":6},"end":{"line":49,"column":null}},{"start":{},"end":{}}],"line":49},"5":{"loc":{"start":{"line":50,"column":6},"end":{"line":50,"column":null}},"type":"if","locations":[{"start":{"line":50,"column":6},"end":{"line":50,"column":null}},{"start":{},"end":{}}],"line":50},"6":{"loc":{"start":{"line":51,"column":6},"end":{"line":51,"column":null}},"type":"if","locations":[{"start":{"line":51,"column":6},"end":{"line":51,"column":null}},{"start":{},"end":{}}],"line":51},"7":{"loc":{"start":{"line":52,"column":6},"end":{"line":52,"column":null}},"type":"if","locations":[{"start":{"line":52,"column":6},"end":{"line":52,"column":null}},{"start":{},"end":{}}],"line":52},"8":{"loc":{"start":{"line":63,"column":4},"end":{"line":65,"column":null}},"type":"if","locations":[{"start":{"line":63,"column":4},"end":{"line":65,"column":null}},{"start":{},"end":{}}],"line":63},"9":{"loc":{"start":{"line":70,"column":4},"end":{"line":82,"column":null}},"type":"if","locations":[{"start":{"line":70,"column":4},"end":{"line":82,"column":null}},{"start":{},"end":{}}],"line":70},"10":{"loc":{"start":{"line":71,"column":6},"end":{"line":73,"column":null}},"type":"if","locations":[{"start":{"line":71,"column":6},"end":{"line":73,"column":null}},{"start":{},"end":{}}],"line":71},"11":{"loc":{"start":{"line":74,"column":6},"end":{"line":76,"column":null}},"type":"if","locations":[{"start":{"line":74,"column":6},"end":{"line":76,"column":null}},{"start":{},"end":{}}],"line":74},"12":{"loc":{"start":{"line":77,"column":6},"end":{"line":79,"column":null}},"type":"if","locations":[{"start":{"line":77,"column":6},"end":{"line":79,"column":null}},{"start":{},"end":{}}],"line":77},"13":{"loc":{"start":{"line":104,"column":4},"end":{"line":106,"column":null}},"type":"if","locations":[{"start":{"line":104,"column":4},"end":{"line":106,"column":null}},{"start":{},"end":{}}],"line":104},"14":{"loc":{"start":{"line":104,"column":8},"end":{"line":104,"column":39}},"type":"binary-expr","locations":[{"start":{"line":104,"column":8},"end":{"line":104,"column":21}},{"start":{"line":104,"column":21},"end":{"line":104,"column":39}}],"line":104},"15":{"loc":{"start":{"line":119,"column":2},"end":{"line":126,"column":null}},"type":"if","locations":[{"start":{"line":119,"column":2},"end":{"line":126,"column":null}},{"start":{},"end":{}}],"line":119},"16":{"loc":{"start":{"line":119,"column":6},"end":{"line":119,"column":49}},"type":"binary-expr","locations":[{"start":{"line":119,"column":6},"end":{"line":119,"column":28}},{"start":{"line":119,"column":28},"end":{"line":119,"column":49}}],"line":119}},"s":{"0":1,"1":1,"2":3,"3":3,"4":0,"5":0,"6":0,"7":0,"8":0,"9":0,"10":0,"11":0,"12":0,"13":0,"14":0,"15":0,"16":0,"17":0,"18":0,"19":0,"20":0,"21":0,"22":0,"23":0,"24":0,"25":0,"26":0,"27":3,"28":3,"29":3,"30":0,"31":0,"32":0,"33":0,"34":0,"35":0,"36":0,"37":0,"38":0,"39":0,"40":0,"41":0,"42":0,"43":0,"44":0,"45":0,"46":0,"47":0,"48":0,"49":0,"50":0},"f":{"0":3,"1":0,"2":0,"3":0},"b":{"0":[0,0],"1":[0,0],"2":[0,0],"3":[0,0],"4":[0,0],"5":[0,0],"6":[0,0],"7":[0,0],"8":[0,0],"9":[3,0],"10":[3,0],"11":[0,0],"12":[0,0],"13":[0,0],"14":[0,0],"15":[0,0],"16":[0,0]},"meta":{"lastBranch":17,"lastFunction":4,"lastStatement":51,"seen":{"s:6:6:6:Infinity":0,"s:7:17:7:Infinity":1,"f:33:22:33:30":0,"s:34:2:84:Infinity":2,"s:36:23:36:Infinity":3,"s:39:20:39:Infinity":4,"s:42:46:42:Infinity":5,"b:43:4:53:Infinity:undefined:undefined:undefined:undefined":0,"s:43:4:53:Infinity":6,"s:45:19:45:Infinity":7,"b:46:6:46:Infinity:undefined:undefined:undefined:undefined":1,"s:46:6:46:Infinity":8,"s:46:22:46:Infinity":9,"b:47:6:47:Infinity:undefined:undefined:undefined:undefined":2,"s:47:6:47:Infinity":10,"s:47:23:47:Infinity":11,"b:48:6:48:Infinity:undefined:undefined:undefined:undefined":3,"s:48:6:48:Infinity":12,"s:48:24:48:Infinity":13,"b:49:6:49:Infinity:undefined:undefined:undefined:undefined":4,"s:49:6:49:Infinity":14,"s:49:24:49:Infinity":15,"b:50:6:50:Infinity:undefined:undefined:undefined:undefined":5,"s:50:6:50:Infinity":16,"s:50:25:50:Infinity":17,"b:51:6:51:Infinity:undefined:undefined:undefined:undefined":6,"s:51:6:51:Infinity":18,"s:51:29:51:Infinity":19,"b:52:6:52:Infinity:undefined:undefined:undefined:undefined":7,"s:52:6:52:Infinity":20,"s:52:24:52:Infinity":21,"s:56:18:56:Infinity":22,"s:58:31:61:Infinity":23,"b:63:4:65:Infinity:undefined:undefined:undefined:undefined":8,"s:63:4:65:Infinity":24,"s:64:6:64:Infinity":25,"s:67:4:67:Infinity":26,"b:70:4:82:Infinity:undefined:undefined:undefined:undefined":9,"s:70:4:82:Infinity":27,"b:71:6:73:Infinity:undefined:undefined:undefined:undefined":10,"s:71:6:73:Infinity":28,"s:72:8:72:Infinity":29,"b:74:6:76:Infinity:undefined:undefined:undefined:undefined":11,"s:74:6:76:Infinity":30,"s:75:8:75:Infinity":31,"b:77:6:79:Infinity:undefined:undefined:undefined:undefined":12,"s:77:6:79:Infinity":32,"s:78:8:78:Infinity":33,"s:81:6:81:Infinity":34,"s:83:4:83:Infinity":35,"f:93:15:93:26":1,"s:94:27:94:Infinity":36,"s:98:20:98:Infinity":37,"s:100:2:116:Infinity":38,"s:100:15:100:18":39,"s:101:21:101:Infinity":40,"b:104:4:106:Infinity:undefined:undefined:undefined:undefined":13,"s:104:4:106:Infinity":41,"b:104:8:104:21:104:21:104:39":14,"s:105:6:105:Infinity":42,"s:109:18:109:Infinity":43,"f:109:43:109:44":2,"s:109:61:109:75":44,"s:111:4:115:Infinity":45,"b:119:2:126:Infinity:undefined:undefined:undefined:undefined":15,"s:119:2:126:Infinity":46,"b:119:6:119:28:119:28:119:49":16,"s:120:18:120:Infinity":47,"f:120:47:120:48":3,"s:120:65:120:79":48,"s:121:4:125:Infinity":49,"s:128:2:128:Infinity":50}}}
}
